<?xml version="1.0" encoding="UTF-8"?>
<!-- Generated by org.testng.reporters.JUnitReportReporter -->
<testsuite hostname="Vishal-Sable" failures="0" tests="1" name="Test_Cases.TC_001" time="30.388" errors="0" timestamp="2024-09-07T09:25:17 IST" skipped="0">
  <testcase classname="Test_Cases.TC_001" name="firstScript" time="30.388"/>
  <system-out/>
</testsuite> <!-- Test_Cases.TC_001 -->
